In file included from /home/brobribro/Desktop/DSSC/FirstSemester/AP_Project/Implementation.cpp:3:0,
                 from /home/brobribro/Desktop/DSSC/FirstSemester/AP_Project/Main.cpp:1:
/home/brobribro/Desktop/DSSC/FirstSemester/AP_Project/BST.h:265:91: warning: friend declaration ‘std::ostream& operator<<(std::ostream&, const BSTree<K, D, comparator>&)’ declares a non-template function [-Wnon-template-friend]
     friend std::ostream& operator<<(std::ostream& os, const BSTree<K,D,comparator>& mytree);
                                                                                           ^
/home/brobribro/Desktop/DSSC/FirstSemester/AP_Project/BST.h:265:91: note: (if this is not what you intended, make sure the function template has already been declared and add <> after the function name here) 
/home/brobribro/Desktop/DSSC/FirstSemester/AP_Project/BST.h:276:57: error: ‘bool BSTree<K, D, comparator>::operator==(const BSTree<K, D, comparator>&, const BSTree<K, D, comparator>&)’ must take exactly one argument
                     const BSTree<K, D, comparator>&  rhs);
                                                         ^
In file included from /home/brobribro/Desktop/DSSC/FirstSemester/AP_Project/Main.cpp:1:0:
/home/brobribro/Desktop/DSSC/FirstSemester/AP_Project/Implementation.cpp: In function ‘typename BSTree<K, D, comparator>::BstNode* GetNewNode(const K&, const D&)’:
/home/brobribro/Desktop/DSSC/FirstSemester/AP_Project/Implementation.cpp:83:5: error: ‘BstNode’ was not declared in this scope
     BstNode* newNode = new BstNode(); // 'new' creates a node in the heap.
     ^~~~~~~
/home/brobribro/Desktop/DSSC/FirstSemester/AP_Project/Implementation.cpp:83:14: error: ‘newNode’ was not declared in this scope
     BstNode* newNode = new BstNode(); // 'new' creates a node in the heap.
              ^~~~~~~
/home/brobribro/Desktop/DSSC/FirstSemester/AP_Project/Implementation.cpp:83:14: note: suggested alternative: ‘GetNewNode’
     BstNode* newNode = new BstNode(); // 'new' creates a node in the heap.
              ^~~~~~~
              GetNewNode
/home/brobribro/Desktop/DSSC/FirstSemester/AP_Project/Implementation.cpp:83:28: error: expected type-specifier before ‘BstNode’
     BstNode* newNode = new BstNode(); // 'new' creates a node in the heap.
                            ^~~~~~~
/home/brobribro/Desktop/DSSC/FirstSemester/AP_Project/Implementation.cpp:83:28: error: expected ‘;’ before ‘BstNode’
/home/brobribro/Desktop/DSSC/FirstSemester/AP_Project/Implementation.cpp:86:23: error: ‘newnode’ was not declared in this scope
     newNode -> left = newnode -> right = NULL;
                       ^~~~~~~
/home/brobribro/Desktop/DSSC/FirstSemester/AP_Project/Implementation.cpp: At global scope:
/home/brobribro/Desktop/DSSC/FirstSemester/AP_Project/Implementation.cpp:101:1: error: need ‘typename’ before ‘BSTree<K, D, comparator>::BstNode’ because ‘BSTree<K, D, comparator>’ is a dependent scope
 BSTree<K,D,comparator>::BstNode* insert(BstNode<* rootptr,D data,K key>)
 ^~~~~~~~~~~~~~~~~~~~~~
/home/brobribro/Desktop/DSSC/FirstSemester/AP_Project/Implementation.cpp:138:1: error: prototype for ‘BSTree<K, D, comparator>::iterator BSTree<K, D, comparator>::find(const K&) const’ does not match any in class ‘BSTree<K, D, comparator>’
 BSTree<K,D,comparator>::find(const K& key) const
 ^~~~~~~~~~~~~~~~~~~~~~
In file included from /home/brobribro/Desktop/DSSC/FirstSemester/AP_Project/Implementation.cpp:3:0,
                 from /home/brobribro/Desktop/DSSC/FirstSemester/AP_Project/Main.cpp:1:
/home/brobribro/Desktop/DSSC/FirstSemester/AP_Project/BST.h:211:24: error: candidate is: constexpr BSTree<K, D, comparator>::iterator BSTree<K, D, comparator>::find(const K&)
     constexpr iterator find(const K& key);
                        ^~~~
In file included from /home/brobribro/Desktop/DSSC/FirstSemester/AP_Project/Main.cpp:1:0:
/home/brobribro/Desktop/DSSC/FirstSemester/AP_Project/Implementation.cpp:174:14: error: expected nested-name-specifier before ‘BstNode’
     typename BstNode<K,D,comparator>::BstNode*  BstNode<K,D,comparator>::FindMin(BstNode* rootptr)
              ^~~~~~~
/home/brobribro/Desktop/DSSC/FirstSemester/AP_Project/Implementation.cpp:174:21: error: expected initializer before ‘<’ token
     typename BstNode<K,D,comparator>::BstNode*  BstNode<K,D,comparator>::FindMin(BstNode* rootptr)
                     ^
/home/brobribro/Desktop/DSSC/FirstSemester/AP_Project/Implementation.cpp: In function ‘typename BSTree<K, D, comparator>::iterator begin()’:
/home/brobribro/Desktop/DSSC/FirstSemester/AP_Project/Implementation.cpp:190:14: error: ‘iterator’ was not declared in this scope
     { return iterator{FindMin()}; }
              ^~~~~~~~
/home/brobribro/Desktop/DSSC/FirstSemester/AP_Project/Implementation.cpp:190:14: note: suggested alternatives:
In file included from /usr/include/c++/7/bits/stl_algobase.h:65:0,
                 from /usr/include/c++/7/bits/char_traits.h:39,
                 from /usr/include/c++/7/ios:40,
                 from /usr/include/c++/7/ostream:38,
                 from /usr/include/c++/7/iostream:39,
                 from /home/brobribro/Desktop/DSSC/FirstSemester/AP_Project/BST.h:33,
                 from /home/brobribro/Desktop/DSSC/FirstSemester/AP_Project/Implementation.cpp:3,
                 from /home/brobribro/Desktop/DSSC/FirstSemester/AP_Project/Main.cpp:1:
/usr/include/c++/7/bits/stl_iterator_base_types.h:118:12: note:   ‘std::iterator’
     struct iterator
            ^~~~~~~~
/usr/include/c++/7/bits/stl_iterator_base_types.h:118:12: note:   ‘std::iterator’
In file included from /home/brobribro/Desktop/DSSC/FirstSemester/AP_Project/Main.cpp:1:0:
/home/brobribro/Desktop/DSSC/FirstSemester/AP_Project/Implementation.cpp:190:22: error: expected ‘;’ before ‘{’ token
     { return iterator{FindMin()}; }
                      ^
/home/brobribro/Desktop/DSSC/FirstSemester/AP_Project/Implementation.cpp:190:23: error: there are no arguments to ‘FindMin’ that depend on a template parameter, so a declaration of ‘FindMin’ must be available [-fpermissive]
     { return iterator{FindMin()}; }
                       ^~~~~~~
/home/brobribro/Desktop/DSSC/FirstSemester/AP_Project/Implementation.cpp:190:23: note: (if you use ‘-fpermissive’, G++ will accept your code, but allowing the use of an undeclared name is deprecated)
/home/brobribro/Desktop/DSSC/FirstSemester/AP_Project/Implementation.cpp:190:32: error: expected ‘;’ before ‘}’ token
     { return iterator{FindMin()}; }
                                ^
/home/brobribro/Desktop/DSSC/FirstSemester/AP_Project/Implementation.cpp: In function ‘typename BSTree<K, D, comparator>::iterator end()’:
/home/brobribro/Desktop/DSSC/FirstSemester/AP_Project/Implementation.cpp:194:14: error: ‘iterator’ was not declared in this scope
     { return iterator{nullptr}; }
              ^~~~~~~~
/home/brobribro/Desktop/DSSC/FirstSemester/AP_Project/Implementation.cpp:194:14: note: suggested alternatives:
In file included from /usr/include/c++/7/bits/stl_algobase.h:65:0,
                 from /usr/include/c++/7/bits/char_traits.h:39,
                 from /usr/include/c++/7/ios:40,
                 from /usr/include/c++/7/ostream:38,
                 from /usr/include/c++/7/iostream:39,
                 from /home/brobribro/Desktop/DSSC/FirstSemester/AP_Project/BST.h:33,
                 from /home/brobribro/Desktop/DSSC/FirstSemester/AP_Project/Implementation.cpp:3,
                 from /home/brobribro/Desktop/DSSC/FirstSemester/AP_Project/Main.cpp:1:
/usr/include/c++/7/bits/stl_iterator_base_types.h:118:12: note:   ‘std::iterator’
     struct iterator
            ^~~~~~~~
/usr/include/c++/7/bits/stl_iterator_base_types.h:118:12: note:   ‘std::iterator’
In file included from /home/brobribro/Desktop/DSSC/FirstSemester/AP_Project/Main.cpp:1:0:
/home/brobribro/Desktop/DSSC/FirstSemester/AP_Project/Implementation.cpp:194:22: error: expected ‘;’ before ‘{’ token
     { return iterator{nullptr}; }
                      ^
/home/brobribro/Desktop/DSSC/FirstSemester/AP_Project/Implementation.cpp:194:30: error: expected ‘;’ before ‘}’ token
     { return iterator{nullptr}; }
                              ^
/home/brobribro/Desktop/DSSC/FirstSemester/AP_Project/Implementation.cpp: At global scope:
/home/brobribro/Desktop/DSSC/FirstSemester/AP_Project/Implementation.cpp:202:57: error: non-member function ‘typename BSTree<K, D, comparator>::const_iterator begin()’ cannot have cv-qualifier
 typename BSTree<K,D,comparator>::const_iterator begin() const
                                                         ^~~~~
/home/brobribro/Desktop/DSSC/FirstSemester/AP_Project/Implementation.cpp: In function ‘typename BSTree<K, D, comparator>::const_iterator begin()’:
/home/brobribro/Desktop/DSSC/FirstSemester/AP_Project/Implementation.cpp:203:10: error: ‘const_iterator’ was not declared in this scope
 { return const_iterator{FindMin()}; }
          ^~~~~~~~~~~~~~
/home/brobribro/Desktop/DSSC/FirstSemester/AP_Project/Implementation.cpp:203:10: note: suggested alternative: ‘comparator’
 { return const_iterator{FindMin()}; }
          ^~~~~~~~~~~~~~
          comparator
/home/brobribro/Desktop/DSSC/FirstSemester/AP_Project/Implementation.cpp:203:24: error: expected ‘;’ before ‘{’ token
 { return const_iterator{FindMin()}; }
                        ^
/home/brobribro/Desktop/DSSC/FirstSemester/AP_Project/Implementation.cpp:203:25: error: there are no arguments to ‘FindMin’ that depend on a template parameter, so a declaration of ‘FindMin’ must be available [-fpermissive]
 { return const_iterator{FindMin()}; }
                         ^~~~~~~
/home/brobribro/Desktop/DSSC/FirstSemester/AP_Project/Implementation.cpp:203:34: error: expected ‘;’ before ‘}’ token
 { return const_iterator{FindMin()}; }
                                  ^
/home/brobribro/Desktop/DSSC/FirstSemester/AP_Project/Implementation.cpp: At global scope:
/home/brobribro/Desktop/DSSC/FirstSemester/AP_Project/Implementation.cpp:206:55: error: non-member function ‘typename BSTree<K, D, comparator>::const_iterator end()’ cannot have cv-qualifier
 typename BSTree<K,D,comparator>::const_iterator end() const
                                                       ^~~~~
/home/brobribro/Desktop/DSSC/FirstSemester/AP_Project/Implementation.cpp: In function ‘typename BSTree<K, D, comparator>::const_iterator end()’:
/home/brobribro/Desktop/DSSC/FirstSemester/AP_Project/Implementation.cpp:207:10: error: ‘const_iterator’ was not declared in this scope
 { return const_iterator{nullptr}; }
          ^~~~~~~~~~~~~~
/home/brobribro/Desktop/DSSC/FirstSemester/AP_Project/Implementation.cpp:207:10: note: suggested alternative: ‘comparator’
 { return const_iterator{nullptr}; }
          ^~~~~~~~~~~~~~
          comparator
/home/brobribro/Desktop/DSSC/FirstSemester/AP_Project/Implementation.cpp:207:24: error: expected ‘;’ before ‘{’ token
 { return const_iterator{nullptr}; }
                        ^
/home/brobribro/Desktop/DSSC/FirstSemester/AP_Project/Implementation.cpp:207:32: error: expected ‘;’ before ‘}’ token
 { return const_iterator{nullptr}; }
                                ^
/home/brobribro/Desktop/DSSC/FirstSemester/AP_Project/Implementation.cpp: At global scope:
/home/brobribro/Desktop/DSSC/FirstSemester/AP_Project/Implementation.cpp:218:1: error: duplicate cv-qualifier
 const { return const_iterator{FindMin()}; }
 ^~~~~
/home/brobribro/Desktop/DSSC/FirstSemester/AP_Project/Implementation.cpp:217:58: error: non-member function ‘typename BSTree<K, D, comparator>::const_iterator cbegin()’ cannot have cv-qualifier
 typename BSTree<K,D,comparator>::const_iterator cbegin() const
                                                          ^~~~~
/home/brobribro/Desktop/DSSC/FirstSemester/AP_Project/Implementation.cpp: In function ‘typename BSTree<K, D, comparator>::const_iterator cbegin()’:
/home/brobribro/Desktop/DSSC/FirstSemester/AP_Project/Implementation.cpp:218:16: error: ‘const_iterator’ was not declared in this scope
 const { return const_iterator{FindMin()}; }
                ^~~~~~~~~~~~~~
/home/brobribro/Desktop/DSSC/FirstSemester/AP_Project/Implementation.cpp:218:16: note: suggested alternative: ‘comparator’
 const { return const_iterator{FindMin()}; }
                ^~~~~~~~~~~~~~
                comparator
/home/brobribro/Desktop/DSSC/FirstSemester/AP_Project/Implementation.cpp:218:30: error: expected ‘;’ before ‘{’ token
 const { return const_iterator{FindMin()}; }
                              ^
/home/brobribro/Desktop/DSSC/FirstSemester/AP_Project/Implementation.cpp:218:31: error: there are no arguments to ‘FindMin’ that depend on a template parameter, so a declaration of ‘FindMin’ must be available [-fpermissive]
 const { return const_iterator{FindMin()}; }
                               ^~~~~~~
/home/brobribro/Desktop/DSSC/FirstSemester/AP_Project/Implementation.cpp:218:40: error: expected ‘;’ before ‘}’ token
 const { return const_iterator{FindMin()}; }
                                        ^
/home/brobribro/Desktop/DSSC/FirstSemester/AP_Project/Implementation.cpp: At global scope:
/home/brobribro/Desktop/DSSC/FirstSemester/AP_Project/Implementation.cpp:222:1: error: duplicate cv-qualifier
 const { return const_iterator{nullptr}; }
 ^~~~~
/home/brobribro/Desktop/DSSC/FirstSemester/AP_Project/Implementation.cpp:221:56: error: non-member function ‘typename BSTree<K, D, comparator>::const_iterator cend()’ cannot have cv-qualifier
 typename BSTree<K,D,comparator>::const_iterator cend() const
                                                        ^~~~~
/home/brobribro/Desktop/DSSC/FirstSemester/AP_Project/Implementation.cpp: In function ‘typename BSTree<K, D, comparator>::const_iterator cend()’:
/home/brobribro/Desktop/DSSC/FirstSemester/AP_Project/Implementation.cpp:222:16: error: ‘const_iterator’ was not declared in this scope
 const { return const_iterator{nullptr}; }
                ^~~~~~~~~~~~~~
/home/brobribro/Desktop/DSSC/FirstSemester/AP_Project/Implementation.cpp:222:16: note: suggested alternative: ‘comparator’
 const { return const_iterator{nullptr}; }
                ^~~~~~~~~~~~~~
                comparator
/home/brobribro/Desktop/DSSC/FirstSemester/AP_Project/Implementation.cpp:222:30: error: expected ‘;’ before ‘{’ token
 const { return const_iterator{nullptr}; }
                              ^
/home/brobribro/Desktop/DSSC/FirstSemester/AP_Project/Implementation.cpp:222:38: error: expected ‘;’ before ‘}’ token
 const { return const_iterator{nullptr}; }
                                      ^
/home/brobribro/Desktop/DSSC/FirstSemester/AP_Project/Implementation.cpp: At global scope:
/home/brobribro/Desktop/DSSC/FirstSemester/AP_Project/Implementation.cpp:243:1: error: ‘BstNode’ does not name a type
 BstNode<K,D,comparator>::constexpr D& operator[] (const K& key )
 ^~~~~~~
/home/brobribro/Desktop/DSSC/FirstSemester/AP_Project/Implementation.cpp:267:2: error: expected unqualified-id before ‘constexpr’
  constexpr const D& operator[] (const K& key) const
  ^~~~~~~~~
/home/brobribro/Desktop/DSSC/FirstSemester/AP_Project/Implementation.cpp:287:34: error: ‘comparator’ has not been declared
 template <typename K, typename D,comparator >
                                  ^~~~~~~~~~
/home/brobribro/Desktop/DSSC/FirstSemester/AP_Project/Implementation.cpp:288:18: error: ‘comparator’ was not declared in this scope
 class BSTree<K,D,comparator>::iterator
                  ^~~~~~~~~~
/home/brobribro/Desktop/DSSC/FirstSemester/AP_Project/Implementation.cpp:288:28: error: template argument 3 is invalid
 class BSTree<K,D,comparator>::iterator
                            ^
/home/brobribro/Desktop/DSSC/FirstSemester/AP_Project/Implementation.cpp:289:1: error: expected unqualified-id before ‘{’ token
 {
 ^
/home/brobribro/Desktop/DSSC/FirstSemester/AP_Project/Implementation.cpp:345:36: error: two or more data types in declaration of ‘type name’
   using it = BSTree<K,D,comparator>iterator;
                                    ^~~~~~~~
/home/brobribro/Desktop/DSSC/FirstSemester/AP_Project/Implementation.cpp:349:11: error: ‘it’ has not been declared
     using it::iterator;
           ^~
/home/brobribro/Desktop/DSSC/FirstSemester/AP_Project/Implementation.cpp:352:32: error: wrong number of template arguments (3, should be 2)
     const std::pair<const K, D,>& operator*() const { return it::operator*();}
                                ^
In file included from /usr/include/c++/7/bits/stl_algobase.h:64:0,
                 from /usr/include/c++/7/bits/char_traits.h:39,
                 from /usr/include/c++/7/ios:40,
                 from /usr/include/c++/7/ostream:38,
                 from /usr/include/c++/7/iostream:39,
                 from /home/brobribro/Desktop/DSSC/FirstSemester/AP_Project/BST.h:33,
                 from /home/brobribro/Desktop/DSSC/FirstSemester/AP_Project/Implementation.cpp:3,
                 from /home/brobribro/Desktop/DSSC/FirstSemester/AP_Project/Main.cpp:1:
/usr/include/c++/7/bits/stl_pair.h:198:12: note: provided for ‘template<class _T1, class _T2> struct std::pair’
     struct pair
            ^~~~
In file included from /home/brobribro/Desktop/DSSC/FirstSemester/AP_Project/Main.cpp:1:0:
/home/brobribro/Desktop/DSSC/FirstSemester/AP_Project/Implementation.cpp:355:11: error: ‘it’ has not been declared
     using it::operator++;
           ^~
/home/brobribro/Desktop/DSSC/FirstSemester/AP_Project/Implementation.cpp:356:11: error: ‘it’ has not been declared
     using it::operator==;
           ^~
/home/brobribro/Desktop/DSSC/FirstSemester/AP_Project/Implementation.cpp:357:11: error: ‘it’ has not been declared
     using it::operator!=;
           ^~
/home/brobribro/Desktop/DSSC/FirstSemester/AP_Project/Implementation.cpp: In member function ‘const int& BSTree<K, D, comparator>::const_iterator::operator*() const’:
/home/brobribro/Desktop/DSSC/FirstSemester/AP_Project/Implementation.cpp:352:62: error: ‘it’ has not been declared
     const std::pair<const K, D,>& operator*() const { return it::operator*();}
                                                              ^~
/home/brobribro/Desktop/DSSC/FirstSemester/AP_Project/Implementation.cpp: At global scope:
/home/brobribro/Desktop/DSSC/FirstSemester/AP_Project/Implementation.cpp:364:36: error: ‘comparator’ has not been declared
   template <typename K, typename D,comparator>
                                    ^~~~~~~~~~
/home/brobribro/Desktop/DSSC/FirstSemester/AP_Project/Implementation.cpp:365:19: error: ‘comparator’ was not declared in this scope
   void BSTree<K,D,comparator>::copyHelper(BstNode * nodeptr)
                   ^~~~~~~~~~
/home/brobribro/Desktop/DSSC/FirstSemester/AP_Project/Implementation.cpp:365:29: error: template argument 3 is invalid
   void BSTree<K,D,comparator>::copyHelper(BstNode * nodeptr)
                             ^
/home/brobribro/Desktop/DSSC/FirstSemester/AP_Project/Implementation.cpp:365:43: error: variable or field ‘copyHelper’ declared void
   void BSTree<K,D,comparator>::copyHelper(BstNode * nodeptr)
                                           ^~~~~~~
/home/brobribro/Desktop/DSSC/FirstSemester/AP_Project/Implementation.cpp:365:43: error: ‘BstNode’ was not declared in this scope
/home/brobribro/Desktop/DSSC/FirstSemester/AP_Project/Implementation.cpp:365:53: error: ‘nodeptr’ was not declared in this scope
   void BSTree<K,D,comparator>::copyHelper(BstNode * nodeptr)
                                                     ^~~~~~~
/home/brobribro/Desktop/DSSC/FirstSemester/AP_Project/Implementation.cpp:365:53: note: suggested alternative: ‘mode_t’
   void BSTree<K,D,comparator>::copyHelper(BstNode * nodeptr)
                                                     ^~~~~~~
                                                     mode_t
/home/brobribro/Desktop/DSSC/FirstSemester/AP_Project/Implementation.cpp:378:36: error: ‘comparator’ has not been declared
   template <typename K, typename D,comparator>
                                    ^~~~~~~~~~
/home/brobribro/Desktop/DSSC/FirstSemester/AP_Project/Implementation.cpp:379:24: error: ‘comparator’ was not declared in this scope
   constexpr BSTree<K,D,comparator>::BSTree(const BSTree& copy)
                        ^~~~~~~~~~
/home/brobribro/Desktop/DSSC/FirstSemester/AP_Project/Implementation.cpp:379:34: error: template argument 3 is invalid
   constexpr BSTree<K,D,comparator>::BSTree(const BSTree& copy)
                                  ^
/home/brobribro/Desktop/DSSC/FirstSemester/AP_Project/Implementation.cpp:379:50: error: invalid use of template-name ‘BSTree’ without an argument list
   constexpr BSTree<K,D,comparator>::BSTree(const BSTree& copy)
                                                  ^~~~~~
/home/brobribro/Desktop/DSSC/FirstSemester/AP_Project/Implementation.cpp:379:50: note: class template argument deduction is only available with -std=c++1z or -std=gnu++1z
In file included from /home/brobribro/Desktop/DSSC/FirstSemester/AP_Project/Implementation.cpp:3:0,
                 from /home/brobribro/Desktop/DSSC/FirstSemester/AP_Project/Main.cpp:1:
/home/brobribro/Desktop/DSSC/FirstSemester/AP_Project/BST.h:50:7: note: ‘template<class K, class D, class comparator> class BSTree’ declared here
 class BSTree
       ^~~~~~
In file included from /home/brobribro/Desktop/DSSC/FirstSemester/AP_Project/Main.cpp:1:0:
/home/brobribro/Desktop/DSSC/FirstSemester/AP_Project/Implementation.cpp:379:37: error: conflicting declaration of template ‘template<class K, class D, <typeprefixerror><anonymous> > constexpr int BSTree(const int&)’
   constexpr BSTree<K,D,comparator>::BSTree(const BSTree& copy)
                                     ^~~~~~
In file included from /home/brobribro/Desktop/DSSC/FirstSemester/AP_Project/Implementation.cpp:3:0,
                 from /home/brobribro/Desktop/DSSC/FirstSemester/AP_Project/Main.cpp:1:
/home/brobribro/Desktop/DSSC/FirstSemester/AP_Project/BST.h:50:7: note: previous declaration ‘template<class K, class D, class comparator> class BSTree’
 class BSTree
       ^~~~~~
In file included from /home/brobribro/Desktop/DSSC/FirstSemester/AP_Project/Main.cpp:1:0:
/home/brobribro/Desktop/DSSC/FirstSemester/AP_Project/Implementation.cpp:386:36: error: ‘comparator’ has not been declared
   template <typename K, typename D,comparator>
                                    ^~~~~~~~~~
/home/brobribro/Desktop/DSSC/FirstSemester/AP_Project/Implementation.cpp:387:24: error: ‘comparator’ was not declared in this scope
   constexpr BSTree<K,D,comparator>::BSTree& operator=(const BSTree& copy)
                        ^~~~~~~~~~
/home/brobribro/Desktop/DSSC/FirstSemester/AP_Project/Implementation.cpp:387:34: error: template argument 3 is invalid
   constexpr BSTree<K,D,comparator>::BSTree& operator=(const BSTree& copy)
                                  ^
/home/brobribro/Desktop/DSSC/FirstSemester/AP_Project/Implementation.cpp:387:43: error: expected initializer before ‘&’ token
   constexpr BSTree<K,D,comparator>::BSTree& operator=(const BSTree& copy)
                                           ^
/home/brobribro/Desktop/DSSC/FirstSemester/AP_Project/Implementation.cpp:404:34: error: expected constructor, destructor, or type conversion before ‘(’ token
     BSTree<K,D,comparator>:: BST (BST<K,V,comp> &&other):
                                  ^
/home/brobribro/Desktop/DSSC/FirstSemester/AP_Project/Implementation.cpp:406:5: error: expected unqualified-id before ‘{’ token
     {std::cout << "Last tree constructed with move-constructor." << std::endl;}
     ^
/home/brobribro/Desktop/DSSC/FirstSemester/AP_Project/Implementation.cpp:420:5: error: need ‘typename’ before ‘BSTree<K, D, comparator>::BST’ because ‘BSTree<K, D, comparator>’ is a dependent scope
     BSTree<K,D,comparator>:: BST& operator=(BST<K,V,comp> &&other)
     ^~~~~~~~~~~~~~~~~~~~~~
/home/brobribro/Desktop/DSSC/FirstSemester/AP_Project/Implementation.cpp:470:31: error: expected unqualified-id before ‘void’
      BSTree<K,D,comparator>:: void clear()
                               ^~~~
/home/brobribro/Desktop/DSSC/FirstSemester/AP_Project/Implementation.cpp:476:36: error: ‘comparator’ has not been declared
   template <typename K, typename D,comparator>
                                    ^~~~~~~~~~
/home/brobribro/Desktop/DSSC/FirstSemester/AP_Project/Implementation.cpp:477:19: error: ‘comparator’ was not declared in this scope
   void BSTree<K,D,comparator>::copyHelper(BstNode * nodeptr)
                   ^~~~~~~~~~
/home/brobribro/Desktop/DSSC/FirstSemester/AP_Project/Implementation.cpp:477:19: note: suggested alternative: ‘operator<<’
   void BSTree<K,D,comparator>::copyHelper(BstNode * nodeptr)
                   ^~~~~~~~~~
                   operator<<
/home/brobribro/Desktop/DSSC/FirstSemester/AP_Project/Implementation.cpp:477:29: error: template argument 3 is invalid
   void BSTree<K,D,comparator>::copyHelper(BstNode * nodeptr)
                             ^
/home/brobribro/Desktop/DSSC/FirstSemester/AP_Project/Implementation.cpp:477:43: error: variable or field ‘copyHelper’ declared void
   void BSTree<K,D,comparator>::copyHelper(BstNode * nodeptr)
                                           ^~~~~~~
/home/brobribro/Desktop/DSSC/FirstSemester/AP_Project/Implementation.cpp:477:43: error: ‘BstNode’ was not declared in this scope
/home/brobribro/Desktop/DSSC/FirstSemester/AP_Project/Implementation.cpp:477:53: error: ‘nodeptr’ was not declared in this scope
   void BSTree<K,D,comparator>::copyHelper(BstNode * nodeptr)
                                                     ^~~~~~~
/home/brobribro/Desktop/DSSC/FirstSemester/AP_Project/Implementation.cpp:477:53: note: suggested alternative: ‘mode_t’
   void BSTree<K,D,comparator>::copyHelper(BstNode * nodeptr)
                                                     ^~~~~~~
                                                     mode_t
/home/brobribro/Desktop/DSSC/FirstSemester/AP_Project/Implementation.cpp:490:36: error: ‘comparator’ has not been declared
   template <typename K, typename D,comparator>
                                    ^~~~~~~~~~
/home/brobribro/Desktop/DSSC/FirstSemester/AP_Project/Implementation.cpp:491:24: error: ‘comparator’ was not declared in this scope
   constexpr BSTree<K,D,comparator>::BSTree(const BSTree& copy)
                        ^~~~~~~~~~
/home/brobribro/Desktop/DSSC/FirstSemester/AP_Project/Implementation.cpp:491:24: note: suggested alternative: ‘operator<<’
   constexpr BSTree<K,D,comparator>::BSTree(const BSTree& copy)
                        ^~~~~~~~~~
                        operator<<
/home/brobribro/Desktop/DSSC/FirstSemester/AP_Project/Implementation.cpp:491:34: error: template argument 3 is invalid
   constexpr BSTree<K,D,comparator>::BSTree(const BSTree& copy)
                                  ^
/home/brobribro/Desktop/DSSC/FirstSemester/AP_Project/Implementation.cpp:491:50: error: invalid use of template-name ‘BSTree’ without an argument list
   constexpr BSTree<K,D,comparator>::BSTree(const BSTree& copy)
                                                  ^~~~~~
/home/brobribro/Desktop/DSSC/FirstSemester/AP_Project/Implementation.cpp:491:50: note: class template argument deduction is only available with -std=c++1z or -std=gnu++1z
In file included from /home/brobribro/Desktop/DSSC/FirstSemester/AP_Project/Implementation.cpp:3:0,
                 from /home/brobribro/Desktop/DSSC/FirstSemester/AP_Project/Main.cpp:1:
/home/brobribro/Desktop/DSSC/FirstSemester/AP_Project/BST.h:50:7: note: ‘template<class K, class D, class comparator> class BSTree’ declared here
 class BSTree
       ^~~~~~
In file included from /home/brobribro/Desktop/DSSC/FirstSemester/AP_Project/Main.cpp:1:0:
/home/brobribro/Desktop/DSSC/FirstSemester/AP_Project/Implementation.cpp:491:37: error: conflicting declaration of template ‘template<class K, class D, <typeprefixerror><anonymous> > constexpr int BSTree(const int&)’
   constexpr BSTree<K,D,comparator>::BSTree(const BSTree& copy)
                                     ^~~~~~
In file included from /home/brobribro/Desktop/DSSC/FirstSemester/AP_Project/Implementation.cpp:3:0,
                 from /home/brobribro/Desktop/DSSC/FirstSemester/AP_Project/Main.cpp:1:
/home/brobribro/Desktop/DSSC/FirstSemester/AP_Project/BST.h:50:7: note: previous declaration ‘template<class K, class D, class comparator> class BSTree’
 class BSTree
       ^~~~~~
In file included from /home/brobribro/Desktop/DSSC/FirstSemester/AP_Project/Main.cpp:1:0:
/home/brobribro/Desktop/DSSC/FirstSemester/AP_Project/Implementation.cpp:498:36: error: ‘comparator’ has not been declared
   template <typename K, typename D,comparator>
                                    ^~~~~~~~~~
/home/brobribro/Desktop/DSSC/FirstSemester/AP_Project/Implementation.cpp:499:24: error: ‘comparator’ was not declared in this scope
   constexpr BSTree<K,D,comparator>::BSTree& operator=(const BSTree& copy)
                        ^~~~~~~~~~
/home/brobribro/Desktop/DSSC/FirstSemester/AP_Project/Implementation.cpp:499:24: note: suggested alternative: ‘operator<<’
   constexpr BSTree<K,D,comparator>::BSTree& operator=(const BSTree& copy)
                        ^~~~~~~~~~
                        operator<<
/home/brobribro/Desktop/DSSC/FirstSemester/AP_Project/Implementation.cpp:499:34: error: template argument 3 is invalid
   constexpr BSTree<K,D,comparator>::BSTree& operator=(const BSTree& copy)
                                  ^
/home/brobribro/Desktop/DSSC/FirstSemester/AP_Project/Implementation.cpp:499:43: error: expected initializer before ‘&’ token
   constexpr BSTree<K,D,comparator>::BSTree& operator=(const BSTree& copy)
                                           ^
/home/brobribro/Desktop/DSSC/FirstSemester/AP_Project/Implementation.cpp:512:35: error: expected unqualified-id before ‘void’
      void BSTree<K,D,comparator>::void storeBstNodes(BstNode* rootptr,
                                   ^~~~
/home/brobribro/Desktop/DSSC/FirstSemester/AP_Project/Implementation.cpp:531:6: error: need ‘typename’ before ‘BSTree<K, D, comparator>::BstNode’ because ‘BSTree<K, D, comparator>’ is a dependent scope
      BSTree<K,D,comparator>::BstNode*rebuildTree(std::vector<node_data>& N,int start,int end)
      ^~~~~~~~~~~~~~~~~~~~~~
/home/brobribro/Desktop/DSSC/FirstSemester/AP_Project/Implementation.cpp: In member function ‘void BSTree<K, D, comparator>::balance()’:
/home/brobribro/Desktop/DSSC/FirstSemester/AP_Project/Implementation.cpp:556:10: error: ‘Iterator’ was not declared in this scope
          Iterator it{this->begin()};
          ^~~~~~~~
/home/brobribro/Desktop/DSSC/FirstSemester/AP_Project/Implementation.cpp:556:10: note: suggested alternative: ‘iterator’
          Iterator it{this->begin()};
          ^~~~~~~~
          iterator
/home/brobribro/Desktop/DSSC/FirstSemester/AP_Project/Implementation.cpp:557:19: error: expected ‘;’ before ‘end’
          Iterator end{this->end()};
                   ^~~
/home/brobribro/Desktop/DSSC/FirstSemester/AP_Project/Implementation.cpp:560:13: error: ‘start’ was not declared in this scope
          if(start==end)
             ^~~~~
/home/brobribro/Desktop/DSSC/FirstSemester/AP_Project/Implementation.cpp:560:13: note: suggested alternative: ‘short’
          if(start==end)
             ^~~~~
             short
/home/brobribro/Desktop/DSSC/FirstSemester/AP_Project/Implementation.cpp:565:16: error: ‘it’ was not declared in this scope
          for (;it != end; ++it)
                ^~
/home/brobribro/Desktop/DSSC/FirstSemester/AP_Project/Implementation.cpp:565:16: note: suggested alternative: ‘int’
          for (;it != end; ++it)
                ^~
                int
/home/brobribro/Desktop/DSSC/FirstSemester/AP_Project/Implementation.cpp:567:13: error: ‘pairs’ was not declared in this scope
             pairs.push_back(*it);
             ^~~~~
/home/brobribro/Desktop/DSSC/FirstSemester/AP_Project/Main.cpp: In function ‘int main()’:
/home/brobribro/Desktop/DSSC/FirstSemester/AP_Project/Main.cpp:37:38: error: no matching function for call to ‘BSTree<char, int>::BSTree(std::pair<char, int>&)’
         BSTree<char,int> bst1(my_pair);
                                      ^
In file included from /home/brobribro/Desktop/DSSC/FirstSemester/AP_Project/Implementation.cpp:3:0,
                 from /home/brobribro/Desktop/DSSC/FirstSemester/AP_Project/Main.cpp:1:
/home/brobribro/Desktop/DSSC/FirstSemester/AP_Project/BST.h:139:5: note: candidate: BSTree<K, D, comparator>::BSTree(BSTree<K, D, comparator>&&) [with K = char; D = int; comparator = std::less<char>]
     BSTree (BSTree<K,D,comparator> &&other);
     ^~~~~~
/home/brobribro/Desktop/DSSC/FirstSemester/AP_Project/BST.h:139:5: note:   no known conversion for argument 1 from ‘std::pair<char, int>’ to ‘BSTree<char, int>&&’
/home/brobribro/Desktop/DSSC/FirstSemester/AP_Project/BST.h:116:14: note: candidate: constexpr BSTree<K, D, comparator>::BSTree(const BSTree<K, D, comparator>&) [with K = char; D = int; comparator = std::less<char>]
    constexpr BSTree (const BSTree& copy);
              ^~~~~~
/home/brobribro/Desktop/DSSC/FirstSemester/AP_Project/BST.h:116:14: note:   no known conversion for argument 1 from ‘std::pair<char, int>’ to ‘const BSTree<char, int>&’
In file included from /home/brobribro/Desktop/DSSC/FirstSemester/AP_Project/Main.cpp:1:0:
/home/brobribro/Desktop/DSSC/FirstSemester/AP_Project/Implementation.cpp:48:3: note: candidate: BSTree<K, D, comparator>::BSTree(comparator) [with K = char; D = int; comparator = std::less<char>]
   BSTree<K,D,comparator>::BSTree(comparator comp):mComp(comp)
   ^~~~~~~~~~~~~~~~~~~~~~
/home/brobribro/Desktop/DSSC/FirstSemester/AP_Project/Implementation.cpp:48:3: note:   no known conversion for argument 1 from ‘std::pair<char, int>’ to ‘std::less<char>’
/home/brobribro/Desktop/DSSC/FirstSemester/AP_Project/Main.cpp:48:25: error: no matching function for call to ‘BSTree<int, int>::insert(std::pair<int, int>&)’
         bst.insert(pair4); //the insert() method calls functions in BSTree<TKey,TValue>::Iterator.
                         ^
In file included from /home/brobribro/Desktop/DSSC/FirstSemester/AP_Project/Implementation.cpp:3:0,
                 from /home/brobribro/Desktop/DSSC/FirstSemester/AP_Project/Main.cpp:1:
/home/brobribro/Desktop/DSSC/FirstSemester/AP_Project/BST.h:160:24: note: candidate: constexpr BSTree<K, D, comparator>::BstNode* BSTree<K, D, comparator>::insert(BSTree<K, D, comparator>::BstNode*, K&, D&) [with K = int; D = int; comparator = std::less<int>]
     constexpr BstNode* insert(BstNode* rootptr, K& key,D& data);
                        ^~~~~~
/home/brobribro/Desktop/DSSC/FirstSemester/AP_Project/BST.h:160:24: note:   candidate expects 3 arguments, 1 provided
/home/brobribro/Desktop/DSSC/FirstSemester/AP_Project/Main.cpp:49:25: error: no matching function for call to ‘BSTree<int, int>::insert(std::pair<int, int>&)’
         bst.insert(pair2);
                         ^
In file included from /home/brobribro/Desktop/DSSC/FirstSemester/AP_Project/Implementation.cpp:3:0,
                 from /home/brobribro/Desktop/DSSC/FirstSemester/AP_Project/Main.cpp:1:
/home/brobribro/Desktop/DSSC/FirstSemester/AP_Project/BST.h:160:24: note: candidate: constexpr BSTree<K, D, comparator>::BstNode* BSTree<K, D, comparator>::insert(BSTree<K, D, comparator>::BstNode*, K&, D&) [with K = int; D = int; comparator = std::less<int>]
     constexpr BstNode* insert(BstNode* rootptr, K& key,D& data);
                        ^~~~~~
/home/brobribro/Desktop/DSSC/FirstSemester/AP_Project/BST.h:160:24: note:   candidate expects 3 arguments, 1 provided
/home/brobribro/Desktop/DSSC/FirstSemester/AP_Project/Main.cpp:50:25: error: no matching function for call to ‘BSTree<int, int>::insert(std::pair<int, int>&)’
         bst.insert(pair6);
                         ^
In file included from /home/brobribro/Desktop/DSSC/FirstSemester/AP_Project/Implementation.cpp:3:0,
                 from /home/brobribro/Desktop/DSSC/FirstSemester/AP_Project/Main.cpp:1:
/home/brobribro/Desktop/DSSC/FirstSemester/AP_Project/BST.h:160:24: note: candidate: constexpr BSTree<K, D, comparator>::BstNode* BSTree<K, D, comparator>::insert(BSTree<K, D, comparator>::BstNode*, K&, D&) [with K = int; D = int; comparator = std::less<int>]
     constexpr BstNode* insert(BstNode* rootptr, K& key,D& data);
                        ^~~~~~
/home/brobribro/Desktop/DSSC/FirstSemester/AP_Project/BST.h:160:24: note:   candidate expects 3 arguments, 1 provided
/home/brobribro/Desktop/DSSC/FirstSemester/AP_Project/Main.cpp:51:25: error: no matching function for call to ‘BSTree<int, int>::insert(std::pair<int, int>&)’
         bst.insert(pair5);
                         ^
In file included from /home/brobribro/Desktop/DSSC/FirstSemester/AP_Project/Implementation.cpp:3:0,
                 from /home/brobribro/Desktop/DSSC/FirstSemester/AP_Project/Main.cpp:1:
/home/brobribro/Desktop/DSSC/FirstSemester/AP_Project/BST.h:160:24: note: candidate: constexpr BSTree<K, D, comparator>::BstNode* BSTree<K, D, comparator>::insert(BSTree<K, D, comparator>::BstNode*, K&, D&) [with K = int; D = int; comparator = std::less<int>]
     constexpr BstNode* insert(BstNode* rootptr, K& key,D& data);
                        ^~~~~~
/home/brobribro/Desktop/DSSC/FirstSemester/AP_Project/BST.h:160:24: note:   candidate expects 3 arguments, 1 provided
/home/brobribro/Desktop/DSSC/FirstSemester/AP_Project/Main.cpp:52:25: error: no matching function for call to ‘BSTree<int, int>::insert(std::pair<int, int>&)’
         bst.insert(pair3);
                         ^
In file included from /home/brobribro/Desktop/DSSC/FirstSemester/AP_Project/Implementation.cpp:3:0,
                 from /home/brobribro/Desktop/DSSC/FirstSemester/AP_Project/Main.cpp:1:
/home/brobribro/Desktop/DSSC/FirstSemester/AP_Project/BST.h:160:24: note: candidate: constexpr BSTree<K, D, comparator>::BstNode* BSTree<K, D, comparator>::insert(BSTree<K, D, comparator>::BstNode*, K&, D&) [with K = int; D = int; comparator = std::less<int>]
     constexpr BstNode* insert(BstNode* rootptr, K& key,D& data);
                        ^~~~~~
/home/brobribro/Desktop/DSSC/FirstSemester/AP_Project/BST.h:160:24: note:   candidate expects 3 arguments, 1 provided
/home/brobribro/Desktop/DSSC/FirstSemester/AP_Project/Main.cpp:53:25: error: no matching function for call to ‘BSTree<int, int>::insert(std::pair<int, int>&)’
         bst.insert(pair7);
                         ^
In file included from /home/brobribro/Desktop/DSSC/FirstSemester/AP_Project/Implementation.cpp:3:0,
                 from /home/brobribro/Desktop/DSSC/FirstSemester/AP_Project/Main.cpp:1:
/home/brobribro/Desktop/DSSC/FirstSemester/AP_Project/BST.h:160:24: note: candidate: constexpr BSTree<K, D, comparator>::BstNode* BSTree<K, D, comparator>::insert(BSTree<K, D, comparator>::BstNode*, K&, D&) [with K = int; D = int; comparator = std::less<int>]
     constexpr BstNode* insert(BstNode* rootptr, K& key,D& data);
                        ^~~~~~
/home/brobribro/Desktop/DSSC/FirstSemester/AP_Project/BST.h:160:24: note:   candidate expects 3 arguments, 1 provided
/home/brobribro/Desktop/DSSC/FirstSemester/AP_Project/Main.cpp:54:22: error: no matching function for call to ‘BSTree<int, int>::insert(std::pair<int, int>&)’
      bst.insert(pair8);
                      ^
In file included from /home/brobribro/Desktop/DSSC/FirstSemester/AP_Project/Implementation.cpp:3:0,
                 from /home/brobribro/Desktop/DSSC/FirstSemester/AP_Project/Main.cpp:1:
/home/brobribro/Desktop/DSSC/FirstSemester/AP_Project/BST.h:160:24: note: candidate: constexpr BSTree<K, D, comparator>::BstNode* BSTree<K, D, comparator>::insert(BSTree<K, D, comparator>::BstNode*, K&, D&) [with K = int; D = int; comparator = std::less<int>]
     constexpr BstNode* insert(BstNode* rootptr, K& key,D& data);
                        ^~~~~~
/home/brobribro/Desktop/DSSC/FirstSemester/AP_Project/BST.h:160:24: note:   candidate expects 3 arguments, 1 provided
/home/brobribro/Desktop/DSSC/FirstSemester/AP_Project/Main.cpp:55:38: error: no matching function for call to ‘BSTree<int, int>::insert(std::pair<int, int>&)’
         std::cout << bst.insert(pair7) << std::endl;  //should return 0
                                      ^
In file included from /home/brobribro/Desktop/DSSC/FirstSemester/AP_Project/Implementation.cpp:3:0,
                 from /home/brobribro/Desktop/DSSC/FirstSemester/AP_Project/Main.cpp:1:
/home/brobribro/Desktop/DSSC/FirstSemester/AP_Project/BST.h:160:24: note: candidate: constexpr BSTree<K, D, comparator>::BstNode* BSTree<K, D, comparator>::insert(BSTree<K, D, comparator>::BstNode*, K&, D&) [with K = int; D = int; comparator = std::less<int>]
     constexpr BstNode* insert(BstNode* rootptr, K& key,D& data);
                        ^~~~~~
/home/brobribro/Desktop/DSSC/FirstSemester/AP_Project/BST.h:160:24: note:   candidate expects 3 arguments, 1 provided
/home/brobribro/Desktop/DSSC/FirstSemester/AP_Project/Main.cpp:64:27: error: invalid use of incomplete type ‘class BSTree<int, int>::iterator’
         if(bst.find(No_key)==bst.cend()){std::cout << "Right" << std::endl;}; //testing find() and cend() methods, findNearest(..) private functions also working.
                           ^
In file included from /home/brobribro/Desktop/DSSC/FirstSemester/AP_Project/Implementation.cpp:3:0,
                 from /home/brobribro/Desktop/DSSC/FirstSemester/AP_Project/Main.cpp:1:
/home/brobribro/Desktop/DSSC/FirstSemester/AP_Project/BST.h:174:10: note: declaration of ‘class BSTree<int, int>::iterator’
    class iterator;
          ^~~~~~~~
In file included from /home/brobribro/Desktop/DSSC/FirstSemester/AP_Project/Main.cpp:1:0:
/home/brobribro/Desktop/DSSC/FirstSemester/AP_Project/Implementation.cpp: In instantiation of ‘class BSTree<int, int>::const_iterator’:
/home/brobribro/Desktop/DSSC/FirstSemester/AP_Project/Main.cpp:64:39:   required from here
/home/brobribro/Desktop/DSSC/FirstSemester/AP_Project/Implementation.cpp:341:31: error: invalid use of incomplete type ‘class BSTree<int, int>::iterator’
 class BSTree<K,D,comparator>::const_iterator : public BSTree<K,D,comparator>::iterator
                               ^~~~~~~~~~~~~~
In file included from /home/brobribro/Desktop/DSSC/FirstSemester/AP_Project/Implementation.cpp:3:0,
                 from /home/brobribro/Desktop/DSSC/FirstSemester/AP_Project/Main.cpp:1:
/home/brobribro/Desktop/DSSC/FirstSemester/AP_Project/BST.h:174:10: note: declaration of ‘class BSTree<int, int>::iterator’
    class iterator;
          ^~~~~~~~
/home/brobribro/Desktop/DSSC/FirstSemester/AP_Project/Main.cpp:68:24: error: invalid use of incomplete type ‘class BSTree<int, int>::iterator’
         if(bst_1.begin()==bst.cend()){std::cout << "Right" << std::endl;};  //testing begin()
                        ^
In file included from /home/brobribro/Desktop/DSSC/FirstSemester/AP_Project/Implementation.cpp:3:0,
                 from /home/brobribro/Desktop/DSSC/FirstSemester/AP_Project/Main.cpp:1:
/home/brobribro/Desktop/DSSC/FirstSemester/AP_Project/BST.h:174:10: note: declaration of ‘class BSTree<int, int>::iterator’
    class iterator;
          ^~~~~~~~
/home/brobribro/Desktop/DSSC/FirstSemester/AP_Project/Main.cpp:78:24: error: invalid use of incomplete type ‘class BSTree<int, int>::iterator’
         if(bst_1.begin()==bst.cend()){std::cout << "Right" << std::endl;};
                        ^
In file included from /home/brobribro/Desktop/DSSC/FirstSemester/AP_Project/Implementation.cpp:3:0,
                 from /home/brobribro/Desktop/DSSC/FirstSemester/AP_Project/Main.cpp:1:
/home/brobribro/Desktop/DSSC/FirstSemester/AP_Project/BST.h:174:10: note: declaration of ‘class BSTree<int, int>::iterator’
    class iterator;
          ^~~~~~~~
/home/brobribro/Desktop/DSSC/FirstSemester/AP_Project/Main.cpp:83:13: error: ‘test_template_comparison’ was not declared in this scope
             test_template_comparison();
             ^~~~~~~~~~~~~~~~~~~~~~~~
/home/brobribro/Desktop/DSSC/FirstSemester/AP_Project/Main.cpp:90:1: error: expected ‘}’ at end of input
 }
 ^
In file included from /home/brobribro/Desktop/DSSC/FirstSemester/AP_Project/Implementation.cpp:3:0,
                 from /home/brobribro/Desktop/DSSC/FirstSemester/AP_Project/Main.cpp:1:
/home/brobribro/Desktop/DSSC/FirstSemester/AP_Project/BST.h: At global scope:
/home/brobribro/Desktop/DSSC/FirstSemester/AP_Project/BST.h:116:14: warning: inline function ‘constexpr BSTree<K, D, comparator>::BSTree(const BSTree<K, D, comparator>&) [with K = char; D = int; comparator = std::less<char>]’ used but never defined
    constexpr BSTree (const BSTree& copy);
              ^~~~~~
/home/brobribro/Desktop/DSSC/FirstSemester/AP_Project/BST.h:211:24: warning: inline function ‘constexpr BSTree<K, D, comparator>::iterator BSTree<K, D, comparator>::find(const K&) [with K = int; D = int; comparator = std::less<int>]’ used but never defined
     constexpr iterator find(const K& key);
                        ^~~~
/home/brobribro/Desktop/DSSC/FirstSemester/AP_Project/BST.h:200:29: warning: inline function ‘constexpr BSTree<K, D, comparator>::const_iterator BSTree<K, D, comparator>::cend() const [with K = int; D = int; comparator = std::less<int>]’ used but never defined
    constexpr const_iterator cend() const;
                             ^~~~
/home/brobribro/Desktop/DSSC/FirstSemester/AP_Project/BST.h:186:24: warning: inline function ‘constexpr BSTree<K, D, comparator>::iterator BSTree<K, D, comparator>::begin() [with K = int; D = int; comparator = std::less<int>]’ used but never defined
     constexpr iterator begin();
                        ^~~~~
/home/brobribro/Desktop/DSSC/FirstSemester/AP_Project/BST.h:117:22: warning: inline function ‘constexpr BSTree<K, D, comparator>& BSTree<K, D, comparator>::operator=(const BSTree<K, D, comparator>&) [with K = int; D = int; comparator = std::less<int>]’ used but never defined
    constexpr BSTree& operator=(const BSTree& copy);
                      ^~~~~~~~
/home/brobribro/Desktop/DSSC/FirstSemester/AP_Project/BST.h:244:17: warning: inline function ‘constexpr D& BSTree<K, D, comparator>::operator[](const K&) [with K = int; D = int; comparator = std::less<int>]’ used but never defined
    constexpr D& operator[] (const K& key );
                 ^~~~~~~~
